2020-3-23 13:39:49: Unknown column 'User.username' in 'where clause': SequelizeDatabaseError: Unknown column 'User.username' in 'where clause'
    at Query.formatError (/Users/martinpelcat/PatientZero/server/node_modules/sequelize/lib/dialects/mysql/query.js:244:16)
    at Query.handler [as onResult] (/Users/martinpelcat/PatientZero/server/node_modules/sequelize/lib/dialects/mysql/query.js:51:23)
    at Query.execute (/Users/martinpelcat/PatientZero/server/node_modules/mysql2/lib/commands/command.js:30:14)
    at Connection.handlePacket (/Users/martinpelcat/PatientZero/server/node_modules/mysql2/lib/connection.js:417:32)
    at PacketParser.onPacket (/Users/martinpelcat/PatientZero/server/node_modules/mysql2/lib/connection.js:75:12)
    at PacketParser.executeStart (/Users/martinpelcat/PatientZero/server/node_modules/mysql2/lib/packet_parser.js:75:16)
    at Socket.<anonymous> (/Users/martinpelcat/PatientZero/server/node_modules/mysql2/lib/connection.js:82:25)
    at Socket.emit (events.js:210:5)
    at Socket.EventEmitter.emit (domain.js:475:20)
    at addChunk (_stream_readable.js:309:12)
    at readableAddChunk (_stream_readable.js:290:11)
    at Socket.Readable.push (_stream_readable.js:224:10)
    at TCP.onStreamRead (internal/stream_base_commons.js:182:23)
2020-3-23 13:41:38: WHERE parameter "email" has invalid "undefined" value: Error: WHERE parameter "email" has invalid "undefined" value
    at MySQLQueryGenerator.whereItemQuery (/Users/martinpelcat/PatientZero/server/node_modules/sequelize/lib/dialects/abstract/query-generator.js:2184:13)
    at /Users/martinpelcat/PatientZero/server/node_modules/sequelize/lib/dialects/abstract/query-generator.js:2173:25
    at Array.forEach (<anonymous>)
    at MySQLQueryGenerator.whereItemsQuery (/Users/martinpelcat/PatientZero/server/node_modules/sequelize/lib/dialects/abstract/query-generator.js:2171:35)
    at /Users/martinpelcat/PatientZero/server/node_modules/sequelize/lib/dialects/abstract/query-generator.js:2307:30
    at Array.map (<anonymous>)
    at MySQLQueryGenerator._whereGroupBind (/Users/martinpelcat/PatientZero/server/node_modules/sequelize/lib/dialects/abstract/query-generator.js:2306:21)
    at MySQLQueryGenerator.whereItemQuery (/Users/martinpelcat/PatientZero/server/node_modules/sequelize/lib/dialects/abstract/query-generator.js:2242:19)
    at /Users/martinpelcat/PatientZero/server/node_modules/sequelize/lib/dialects/abstract/query-generator.js:2173:25
    at Array.forEach (<anonymous>)
    at MySQLQueryGenerator.whereItemsQuery (/Users/martinpelcat/PatientZero/server/node_modules/sequelize/lib/dialects/abstract/query-generator.js:2171:35)
    at MySQLQueryGenerator.getWhereConditions (/Users/martinpelcat/PatientZero/server/node_modules/sequelize/lib/dialects/abstract/query-generator.js:2583:19)
    at MySQLQueryGenerator.selectQuery (/Users/martinpelcat/PatientZero/server/node_modules/sequelize/lib/dialects/abstract/query-generator.js:1315:28)
    at QueryInterface.select (/Users/martinpelcat/PatientZero/server/node_modules/sequelize/lib/query-interface.js:1122:27)
    at /Users/martinpelcat/PatientZero/server/node_modules/sequelize/lib/model.js:1757:34
    at tryCatcher (/Users/martinpelcat/PatientZero/server/node_modules/bluebird/js/release/util.js:16:23)
    at Promise._settlePromiseFromHandler (/Users/martinpelcat/PatientZero/server/node_modules/bluebird/js/release/promise.js:547:31)
    at Promise._settlePromise (/Users/martinpelcat/PatientZero/server/node_modules/bluebird/js/release/promise.js:604:18)
    at Promise._settlePromise0 (/Users/martinpelcat/PatientZero/server/node_modules/bluebird/js/release/promise.js:649:10)
    at Promise._settlePromises (/Users/martinpelcat/PatientZero/server/node_modules/bluebird/js/release/promise.js:729:18)
    at _drainQueueStep (/Users/martinpelcat/PatientZero/server/node_modules/bluebird/js/release/async.js:93:12)
    at _drainQueue (/Users/martinpelcat/PatientZero/server/node_modules/bluebird/js/release/async.js:86:9)
2020-3-23 13:41:39: WHERE parameter "email" has invalid "undefined" value: Error: WHERE parameter "email" has invalid "undefined" value
    at MySQLQueryGenerator.whereItemQuery (/Users/martinpelcat/PatientZero/server/node_modules/sequelize/lib/dialects/abstract/query-generator.js:2184:13)
    at /Users/martinpelcat/PatientZero/server/node_modules/sequelize/lib/dialects/abstract/query-generator.js:2173:25
    at Array.forEach (<anonymous>)
    at MySQLQueryGenerator.whereItemsQuery (/Users/martinpelcat/PatientZero/server/node_modules/sequelize/lib/dialects/abstract/query-generator.js:2171:35)
    at /Users/martinpelcat/PatientZero/server/node_modules/sequelize/lib/dialects/abstract/query-generator.js:2307:30
    at Array.map (<anonymous>)
    at MySQLQueryGenerator._whereGroupBind (/Users/martinpelcat/PatientZero/server/node_modules/sequelize/lib/dialects/abstract/query-generator.js:2306:21)
    at MySQLQueryGenerator.whereItemQuery (/Users/martinpelcat/PatientZero/server/node_modules/sequelize/lib/dialects/abstract/query-generator.js:2242:19)
    at /Users/martinpelcat/PatientZero/server/node_modules/sequelize/lib/dialects/abstract/query-generator.js:2173:25
    at Array.forEach (<anonymous>)
    at MySQLQueryGenerator.whereItemsQuery (/Users/martinpelcat/PatientZero/server/node_modules/sequelize/lib/dialects/abstract/query-generator.js:2171:35)
    at MySQLQueryGenerator.getWhereConditions (/Users/martinpelcat/PatientZero/server/node_modules/sequelize/lib/dialects/abstract/query-generator.js:2583:19)
    at MySQLQueryGenerator.selectQuery (/Users/martinpelcat/PatientZero/server/node_modules/sequelize/lib/dialects/abstract/query-generator.js:1315:28)
    at QueryInterface.select (/Users/martinpelcat/PatientZero/server/node_modules/sequelize/lib/query-interface.js:1122:27)
    at /Users/martinpelcat/PatientZero/server/node_modules/sequelize/lib/model.js:1757:34
    at tryCatcher (/Users/martinpelcat/PatientZero/server/node_modules/bluebird/js/release/util.js:16:23)
    at Promise._settlePromiseFromHandler (/Users/martinpelcat/PatientZero/server/node_modules/bluebird/js/release/promise.js:547:31)
    at Promise._settlePromise (/Users/martinpelcat/PatientZero/server/node_modules/bluebird/js/release/promise.js:604:18)
    at Promise._settlePromise0 (/Users/martinpelcat/PatientZero/server/node_modules/bluebird/js/release/promise.js:649:10)
    at Promise._settlePromises (/Users/martinpelcat/PatientZero/server/node_modules/bluebird/js/release/promise.js:729:18)
    at _drainQueueStep (/Users/martinpelcat/PatientZero/server/node_modules/bluebird/js/release/async.js:93:12)
    at _drainQueue (/Users/martinpelcat/PatientZero/server/node_modules/bluebird/js/release/async.js:86:9)
2020-3-24 13:12:55: connect ECONNREFUSED 127.0.0.1:8889: SequelizeConnectionRefusedError: connect ECONNREFUSED 127.0.0.1:8889
    at /Users/martinpelcat/PatientZero/server/node_modules/sequelize/lib/dialects/mysql/connection-manager.js:123:19
    at tryCatcher (/Users/martinpelcat/PatientZero/server/node_modules/bluebird/js/release/util.js:16:23)
    at Promise._settlePromiseFromHandler (/Users/martinpelcat/PatientZero/server/node_modules/bluebird/js/release/promise.js:547:31)
    at Promise._settlePromise (/Users/martinpelcat/PatientZero/server/node_modules/bluebird/js/release/promise.js:604:18)
    at Promise._settlePromise0 (/Users/martinpelcat/PatientZero/server/node_modules/bluebird/js/release/promise.js:649:10)
    at Promise._settlePromises (/Users/martinpelcat/PatientZero/server/node_modules/bluebird/js/release/promise.js:725:18)
    at _drainQueueStep (/Users/martinpelcat/PatientZero/server/node_modules/bluebird/js/release/async.js:93:12)
    at _drainQueue (/Users/martinpelcat/PatientZero/server/node_modules/bluebird/js/release/async.js:86:9)
    at Async._drainQueues (/Users/martinpelcat/PatientZero/server/node_modules/bluebird/js/release/async.js:102:5)
    at Immediate.Async.drainQueues [as _onImmediate] (/Users/martinpelcat/PatientZero/server/node_modules/bluebird/js/release/async.js:15:14)
    at processImmediate (internal/timers.js:439:21)
    at process.topLevelDomainCallback (domain.js:130:23)
2020-3-24 13:20:31: connect ECONNREFUSED 127.0.0.1:8889: SequelizeConnectionRefusedError: connect ECONNREFUSED 127.0.0.1:8889
    at /Users/martinpelcat/PatientZero/server/node_modules/sequelize/lib/dialects/mysql/connection-manager.js:123:19
    at tryCatcher (/Users/martinpelcat/PatientZero/server/node_modules/bluebird/js/release/util.js:16:23)
    at Promise._settlePromiseFromHandler (/Users/martinpelcat/PatientZero/server/node_modules/bluebird/js/release/promise.js:547:31)
    at Promise._settlePromise (/Users/martinpelcat/PatientZero/server/node_modules/bluebird/js/release/promise.js:604:18)
    at Promise._settlePromise0 (/Users/martinpelcat/PatientZero/server/node_modules/bluebird/js/release/promise.js:649:10)
    at Promise._settlePromises (/Users/martinpelcat/PatientZero/server/node_modules/bluebird/js/release/promise.js:725:18)
    at _drainQueueStep (/Users/martinpelcat/PatientZero/server/node_modules/bluebird/js/release/async.js:93:12)
    at _drainQueue (/Users/martinpelcat/PatientZero/server/node_modules/bluebird/js/release/async.js:86:9)
    at Async._drainQueues (/Users/martinpelcat/PatientZero/server/node_modules/bluebird/js/release/async.js:102:5)
    at Immediate.Async.drainQueues [as _onImmediate] (/Users/martinpelcat/PatientZero/server/node_modules/bluebird/js/release/async.js:15:14)
    at processImmediate (internal/timers.js:439:21)
    at process.topLevelDomainCallback (domain.js:130:23)
2020-3-24 13:21:04: connect ECONNREFUSED 127.0.0.1:8889: SequelizeConnectionRefusedError: connect ECONNREFUSED 127.0.0.1:8889
    at /Users/martinpelcat/PatientZero/server/node_modules/sequelize/lib/dialects/mysql/connection-manager.js:123:19
    at tryCatcher (/Users/martinpelcat/PatientZero/server/node_modules/bluebird/js/release/util.js:16:23)
    at Promise._settlePromiseFromHandler (/Users/martinpelcat/PatientZero/server/node_modules/bluebird/js/release/promise.js:547:31)
    at Promise._settlePromise (/Users/martinpelcat/PatientZero/server/node_modules/bluebird/js/release/promise.js:604:18)
    at Promise._settlePromise0 (/Users/martinpelcat/PatientZero/server/node_modules/bluebird/js/release/promise.js:649:10)
    at Promise._settlePromises (/Users/martinpelcat/PatientZero/server/node_modules/bluebird/js/release/promise.js:725:18)
    at _drainQueueStep (/Users/martinpelcat/PatientZero/server/node_modules/bluebird/js/release/async.js:93:12)
    at _drainQueue (/Users/martinpelcat/PatientZero/server/node_modules/bluebird/js/release/async.js:86:9)
    at Async._drainQueues (/Users/martinpelcat/PatientZero/server/node_modules/bluebird/js/release/async.js:102:5)
    at Immediate.Async.drainQueues [as _onImmediate] (/Users/martinpelcat/PatientZero/server/node_modules/bluebird/js/release/async.js:15:14)
    at processImmediate (internal/timers.js:439:21)
    at process.topLevelDomainCallback (domain.js:130:23)
2020-3-24 13:21:31: connect ECONNREFUSED 127.0.0.1:8889: SequelizeConnectionRefusedError: connect ECONNREFUSED 127.0.0.1:8889
    at /Users/martinpelcat/PatientZero/server/node_modules/sequelize/lib/dialects/mysql/connection-manager.js:123:19
    at tryCatcher (/Users/martinpelcat/PatientZero/server/node_modules/bluebird/js/release/util.js:16:23)
    at Promise._settlePromiseFromHandler (/Users/martinpelcat/PatientZero/server/node_modules/bluebird/js/release/promise.js:547:31)
    at Promise._settlePromise (/Users/martinpelcat/PatientZero/server/node_modules/bluebird/js/release/promise.js:604:18)
    at Promise._settlePromise0 (/Users/martinpelcat/PatientZero/server/node_modules/bluebird/js/release/promise.js:649:10)
    at Promise._settlePromises (/Users/martinpelcat/PatientZero/server/node_modules/bluebird/js/release/promise.js:725:18)
    at _drainQueueStep (/Users/martinpelcat/PatientZero/server/node_modules/bluebird/js/release/async.js:93:12)
    at _drainQueue (/Users/martinpelcat/PatientZero/server/node_modules/bluebird/js/release/async.js:86:9)
    at Async._drainQueues (/Users/martinpelcat/PatientZero/server/node_modules/bluebird/js/release/async.js:102:5)
    at Immediate.Async.drainQueues [as _onImmediate] (/Users/martinpelcat/PatientZero/server/node_modules/bluebird/js/release/async.js:15:14)
    at processImmediate (internal/timers.js:439:21)
    at process.topLevelDomainCallback (domain.js:130:23)
2020-3-24 13:22:08: connect ECONNREFUSED 127.0.0.1:8889: SequelizeConnectionRefusedError: connect ECONNREFUSED 127.0.0.1:8889
    at /Users/martinpelcat/PatientZero/server/node_modules/sequelize/lib/dialects/mysql/connection-manager.js:123:19
    at tryCatcher (/Users/martinpelcat/PatientZero/server/node_modules/bluebird/js/release/util.js:16:23)
    at Promise._settlePromiseFromHandler (/Users/martinpelcat/PatientZero/server/node_modules/bluebird/js/release/promise.js:547:31)
    at Promise._settlePromise (/Users/martinpelcat/PatientZero/server/node_modules/bluebird/js/release/promise.js:604:18)
    at Promise._settlePromise0 (/Users/martinpelcat/PatientZero/server/node_modules/bluebird/js/release/promise.js:649:10)
    at Promise._settlePromises (/Users/martinpelcat/PatientZero/server/node_modules/bluebird/js/release/promise.js:725:18)
    at _drainQueueStep (/Users/martinpelcat/PatientZero/server/node_modules/bluebird/js/release/async.js:93:12)
    at _drainQueue (/Users/martinpelcat/PatientZero/server/node_modules/bluebird/js/release/async.js:86:9)
    at Async._drainQueues (/Users/martinpelcat/PatientZero/server/node_modules/bluebird/js/release/async.js:102:5)
    at Immediate.Async.drainQueues [as _onImmediate] (/Users/martinpelcat/PatientZero/server/node_modules/bluebird/js/release/async.js:15:14)
    at processImmediate (internal/timers.js:439:21)
    at process.topLevelDomainCallback (domain.js:130:23)
2020-3-24 13:27:09: connect ECONNREFUSED 127.0.0.1:8889: SequelizeConnectionRefusedError: connect ECONNREFUSED 127.0.0.1:8889
    at /Users/martinpelcat/PatientZero/server/node_modules/sequelize/lib/dialects/mysql/connection-manager.js:123:19
    at tryCatcher (/Users/martinpelcat/PatientZero/server/node_modules/bluebird/js/release/util.js:16:23)
    at Promise._settlePromiseFromHandler (/Users/martinpelcat/PatientZero/server/node_modules/bluebird/js/release/promise.js:547:31)
    at Promise._settlePromise (/Users/martinpelcat/PatientZero/server/node_modules/bluebird/js/release/promise.js:604:18)
    at Promise._settlePromise0 (/Users/martinpelcat/PatientZero/server/node_modules/bluebird/js/release/promise.js:649:10)
    at Promise._settlePromises (/Users/martinpelcat/PatientZero/server/node_modules/bluebird/js/release/promise.js:725:18)
    at _drainQueueStep (/Users/martinpelcat/PatientZero/server/node_modules/bluebird/js/release/async.js:93:12)
    at _drainQueue (/Users/martinpelcat/PatientZero/server/node_modules/bluebird/js/release/async.js:86:9)
    at Async._drainQueues (/Users/martinpelcat/PatientZero/server/node_modules/bluebird/js/release/async.js:102:5)
    at Immediate.Async.drainQueues [as _onImmediate] (/Users/martinpelcat/PatientZero/server/node_modules/bluebird/js/release/async.js:15:14)
    at processImmediate (internal/timers.js:439:21)
    at process.topLevelDomainCallback (domain.js:130:23)
2020-3-24 13:37:01: connect ECONNREFUSED 127.0.0.1:8889: SequelizeConnectionRefusedError: connect ECONNREFUSED 127.0.0.1:8889
    at /Users/martinpelcat/PatientZero/server/node_modules/sequelize/lib/dialects/mysql/connection-manager.js:123:19
    at tryCatcher (/Users/martinpelcat/PatientZero/server/node_modules/bluebird/js/release/util.js:16:23)
    at Promise._settlePromiseFromHandler (/Users/martinpelcat/PatientZero/server/node_modules/bluebird/js/release/promise.js:547:31)
    at Promise._settlePromise (/Users/martinpelcat/PatientZero/server/node_modules/bluebird/js/release/promise.js:604:18)
    at Promise._settlePromise0 (/Users/martinpelcat/PatientZero/server/node_modules/bluebird/js/release/promise.js:649:10)
    at Promise._settlePromises (/Users/martinpelcat/PatientZero/server/node_modules/bluebird/js/release/promise.js:725:18)
    at _drainQueueStep (/Users/martinpelcat/PatientZero/server/node_modules/bluebird/js/release/async.js:93:12)
    at _drainQueue (/Users/martinpelcat/PatientZero/server/node_modules/bluebird/js/release/async.js:86:9)
    at Async._drainQueues (/Users/martinpelcat/PatientZero/server/node_modules/bluebird/js/release/async.js:102:5)
    at Immediate.Async.drainQueues [as _onImmediate] (/Users/martinpelcat/PatientZero/server/node_modules/bluebird/js/release/async.js:15:14)
    at processImmediate (internal/timers.js:439:21)
    at process.topLevelDomainCallback (domain.js:130:23)
2020-3-24 13:38:01: connect ECONNREFUSED 127.0.0.1:8889: SequelizeConnectionRefusedError: connect ECONNREFUSED 127.0.0.1:8889
    at /Users/martinpelcat/PatientZero/server/node_modules/sequelize/lib/dialects/mysql/connection-manager.js:123:19
    at tryCatcher (/Users/martinpelcat/PatientZero/server/node_modules/bluebird/js/release/util.js:16:23)
    at Promise._settlePromiseFromHandler (/Users/martinpelcat/PatientZero/server/node_modules/bluebird/js/release/promise.js:547:31)
    at Promise._settlePromise (/Users/martinpelcat/PatientZero/server/node_modules/bluebird/js/release/promise.js:604:18)
    at Promise._settlePromise0 (/Users/martinpelcat/PatientZero/server/node_modules/bluebird/js/release/promise.js:649:10)
    at Promise._settlePromises (/Users/martinpelcat/PatientZero/server/node_modules/bluebird/js/release/promise.js:725:18)
    at _drainQueueStep (/Users/martinpelcat/PatientZero/server/node_modules/bluebird/js/release/async.js:93:12)
    at _drainQueue (/Users/martinpelcat/PatientZero/server/node_modules/bluebird/js/release/async.js:86:9)
    at Async._drainQueues (/Users/martinpelcat/PatientZero/server/node_modules/bluebird/js/release/async.js:102:5)
    at Immediate.Async.drainQueues [as _onImmediate] (/Users/martinpelcat/PatientZero/server/node_modules/bluebird/js/release/async.js:15:14)
    at processImmediate (internal/timers.js:439:21)
    at process.topLevelDomainCallback (domain.js:130:23)
2020-3-24 20:20:09: connect ECONNREFUSED 127.0.0.1:8889: SequelizeConnectionRefusedError: connect ECONNREFUSED 127.0.0.1:8889
    at /Users/martinpelcat/PatientZero/server/node_modules/sequelize/lib/dialects/mysql/connection-manager.js:123:19
    at tryCatcher (/Users/martinpelcat/PatientZero/server/node_modules/bluebird/js/release/util.js:16:23)
    at Promise._settlePromiseFromHandler (/Users/martinpelcat/PatientZero/server/node_modules/bluebird/js/release/promise.js:547:31)
    at Promise._settlePromise (/Users/martinpelcat/PatientZero/server/node_modules/bluebird/js/release/promise.js:604:18)
    at Promise._settlePromise0 (/Users/martinpelcat/PatientZero/server/node_modules/bluebird/js/release/promise.js:649:10)
    at Promise._settlePromises (/Users/martinpelcat/PatientZero/server/node_modules/bluebird/js/release/promise.js:725:18)
    at _drainQueueStep (/Users/martinpelcat/PatientZero/server/node_modules/bluebird/js/release/async.js:93:12)
    at _drainQueue (/Users/martinpelcat/PatientZero/server/node_modules/bluebird/js/release/async.js:86:9)
    at Async._drainQueues (/Users/martinpelcat/PatientZero/server/node_modules/bluebird/js/release/async.js:102:5)
    at Immediate.Async.drainQueues [as _onImmediate] (/Users/martinpelcat/PatientZero/server/node_modules/bluebird/js/release/async.js:15:14)
    at processImmediate (internal/timers.js:439:21)
    at process.topLevelDomainCallback (domain.js:130:23)
2020-3-25 22:37:18: connect ECONNREFUSED 127.0.0.1:8889: SequelizeConnectionRefusedError: connect ECONNREFUSED 127.0.0.1:8889
    at /Users/martinpelcat/PatientZero/server/node_modules/sequelize/lib/dialects/mysql/connection-manager.js:123:19
    at tryCatcher (/Users/martinpelcat/PatientZero/server/node_modules/bluebird/js/release/util.js:16:23)
    at Promise._settlePromiseFromHandler (/Users/martinpelcat/PatientZero/server/node_modules/bluebird/js/release/promise.js:547:31)
    at Promise._settlePromise (/Users/martinpelcat/PatientZero/server/node_modules/bluebird/js/release/promise.js:604:18)
    at Promise._settlePromise0 (/Users/martinpelcat/PatientZero/server/node_modules/bluebird/js/release/promise.js:649:10)
    at Promise._settlePromises (/Users/martinpelcat/PatientZero/server/node_modules/bluebird/js/release/promise.js:725:18)
    at _drainQueueStep (/Users/martinpelcat/PatientZero/server/node_modules/bluebird/js/release/async.js:93:12)
    at _drainQueue (/Users/martinpelcat/PatientZero/server/node_modules/bluebird/js/release/async.js:86:9)
    at Async._drainQueues (/Users/martinpelcat/PatientZero/server/node_modules/bluebird/js/release/async.js:102:5)
    at Immediate.Async.drainQueues [as _onImmediate] (/Users/martinpelcat/PatientZero/server/node_modules/bluebird/js/release/async.js:15:14)
    at processImmediate (internal/timers.js:439:21)
    at process.topLevelDomainCallback (domain.js:130:23)
2020-4-4 10:09:50: connect ECONNREFUSED 127.0.0.1:8889: SequelizeConnectionRefusedError: connect ECONNREFUSED 127.0.0.1:8889
    at /Users/martinpelcat/PatientZero/server/node_modules/sequelize/lib/dialects/mysql/connection-manager.js:123:19
    at tryCatcher (/Users/martinpelcat/PatientZero/server/node_modules/bluebird/js/release/util.js:16:23)
    at Promise._settlePromiseFromHandler (/Users/martinpelcat/PatientZero/server/node_modules/bluebird/js/release/promise.js:547:31)
    at Promise._settlePromise (/Users/martinpelcat/PatientZero/server/node_modules/bluebird/js/release/promise.js:604:18)
    at Promise._settlePromise0 (/Users/martinpelcat/PatientZero/server/node_modules/bluebird/js/release/promise.js:649:10)
    at Promise._settlePromises (/Users/martinpelcat/PatientZero/server/node_modules/bluebird/js/release/promise.js:725:18)
    at _drainQueueStep (/Users/martinpelcat/PatientZero/server/node_modules/bluebird/js/release/async.js:93:12)
    at _drainQueue (/Users/martinpelcat/PatientZero/server/node_modules/bluebird/js/release/async.js:86:9)
    at Async._drainQueues (/Users/martinpelcat/PatientZero/server/node_modules/bluebird/js/release/async.js:102:5)
    at Immediate.Async.drainQueues [as _onImmediate] (/Users/martinpelcat/PatientZero/server/node_modules/bluebird/js/release/async.js:15:14)
    at processImmediate (internal/timers.js:439:21)
    at process.topLevelDomainCallback (domain.js:130:23)
2020-5-1 14:04:00: connect ECONNREFUSED 127.0.0.1:8889: SequelizeConnectionRefusedError: connect ECONNREFUSED 127.0.0.1:8889
    at /Users/martinpelcat/Documents/GitHub/ReactWordpress/server/node_modules/sequelize/lib/dialects/mysql/connection-manager.js:123:19
    at tryCatcher (/Users/martinpelcat/Documents/GitHub/ReactWordpress/server/node_modules/bluebird/js/release/util.js:16:23)
    at Promise._settlePromiseFromHandler (/Users/martinpelcat/Documents/GitHub/ReactWordpress/server/node_modules/bluebird/js/release/promise.js:547:31)
    at Promise._settlePromise (/Users/martinpelcat/Documents/GitHub/ReactWordpress/server/node_modules/bluebird/js/release/promise.js:604:18)
    at Promise._settlePromise0 (/Users/martinpelcat/Documents/GitHub/ReactWordpress/server/node_modules/bluebird/js/release/promise.js:649:10)
    at Promise._settlePromises (/Users/martinpelcat/Documents/GitHub/ReactWordpress/server/node_modules/bluebird/js/release/promise.js:725:18)
    at _drainQueueStep (/Users/martinpelcat/Documents/GitHub/ReactWordpress/server/node_modules/bluebird/js/release/async.js:93:12)
    at _drainQueue (/Users/martinpelcat/Documents/GitHub/ReactWordpress/server/node_modules/bluebird/js/release/async.js:86:9)
    at Async._drainQueues (/Users/martinpelcat/Documents/GitHub/ReactWordpress/server/node_modules/bluebird/js/release/async.js:102:5)
    at Immediate.Async.drainQueues [as _onImmediate] (/Users/martinpelcat/Documents/GitHub/ReactWordpress/server/node_modules/bluebird/js/release/async.js:15:14)
    at processImmediate (internal/timers.js:439:21)
    at process.topLevelDomainCallback (domain.js:130:23)
2020-5-1 21:08:29: E11000 duplicate key error collection: ReactWordpress.users index: email_1 dup key: { email: "martdn@yopmail.com" }: MongoError: E11000 duplicate key error collection: ReactWordpress.users index: email_1 dup key: { email: "martdn@yopmail.com" }
    at Function.create (/Users/martinpelcat/Documents/GitHub/ReactWordpress/server/node_modules/mongodb/lib/core/error.js:43:12)
    at toError (/Users/martinpelcat/Documents/GitHub/ReactWordpress/server/node_modules/mongodb/lib/utils.js:149:22)
    at /Users/martinpelcat/Documents/GitHub/ReactWordpress/server/node_modules/mongodb/lib/operations/common_functions.js:265:39
    at handler (/Users/martinpelcat/Documents/GitHub/ReactWordpress/server/node_modules/mongodb/lib/core/sdam/topology.js:913:24)
    at /Users/martinpelcat/Documents/GitHub/ReactWordpress/server/node_modules/mongodb/lib/cmap/connection_pool.js:352:13
    at handleOperationResult (/Users/martinpelcat/Documents/GitHub/ReactWordpress/server/node_modules/mongodb/lib/core/sdam/server.js:489:5)
    at MessageStream.messageHandler (/Users/martinpelcat/Documents/GitHub/ReactWordpress/server/node_modules/mongodb/lib/cmap/connection.js:270:5)
    at MessageStream.emit (events.js:210:5)
    at MessageStream.EventEmitter.emit (domain.js:475:20)
    at processIncomingData (/Users/martinpelcat/Documents/GitHub/ReactWordpress/server/node_modules/mongodb/lib/cmap/message_stream.js:144:12)
    at MessageStream._write (/Users/martinpelcat/Documents/GitHub/ReactWordpress/server/node_modules/mongodb/lib/cmap/message_stream.js:42:5)
    at doWrite (_stream_writable.js:431:12)
    at writeOrBuffer (_stream_writable.js:415:5)
    at MessageStream.Writable.write (_stream_writable.js:305:11)
    at Socket.ondata (_stream_readable.js:727:22)
    at Socket.emit (events.js:210:5)
